2023-09-25T20:41:10.004-03:00  INFO 29844 --- [main] pringbootCrudHibernateExampleApplication : Starting SpringbootCrudHibernateExampleApplication using Java 17.0.8.1 with PID 29844 (C:\projects\bootcamp_cielo\bootcamp-individual-challenge\server\target\classes started by lufe_ in C:\projects\bootcamp_cielo\bootcamp-individual-challenge\server)
2023-09-25T20:41:10.011-03:00  INFO 29844 --- [main] pringbootCrudHibernateExampleApplication : No active profile set, falling back to 1 default profile: "default"
2023-09-25T20:41:11.350-03:00  INFO 29844 --- [main] .s.d.r.c.RepositoryConfigurationDelegate : Bootstrapping Spring Data JPA repositories in DEFAULT mode.
2023-09-25T20:41:11.494-03:00  INFO 29844 --- [main] .s.d.r.c.RepositoryConfigurationDelegate : Finished Spring Data repository scanning in 116 ms. Found 1 JPA repository interfaces.
2023-09-25T20:41:12.940-03:00  INFO 29844 --- [main] o.s.b.w.embedded.tomcat.TomcatWebServer  : Tomcat initialized with port(s): 8080 (http)
2023-09-25T20:41:12.958-03:00  INFO 29844 --- [main] o.apache.catalina.core.StandardService   : Starting service [Tomcat]
2023-09-25T20:41:12.959-03:00  INFO 29844 --- [main] o.apache.catalina.core.StandardEngine    : Starting Servlet engine: [Apache Tomcat/10.1.5]
2023-09-25T20:41:13.143-03:00  INFO 29844 --- [main] o.a.c.c.C.[Tomcat].[localhost].[/]       : Initializing Spring embedded WebApplicationContext
2023-09-25T20:41:13.144-03:00  INFO 29844 --- [main] w.s.c.ServletWebServerApplicationContext : Root WebApplicationContext: initialization completed in 3048 ms
2023-09-25T20:41:13.195-03:00  INFO 29844 --- [main] com.zaxxer.hikari.HikariDataSource       : HikariPool-1 - Starting...
2023-09-25T20:41:13.615-03:00  INFO 29844 --- [main] com.zaxxer.hikari.pool.HikariPool        : HikariPool-1 - Added connection conn0: url=jdbc:h2:mem:8482d8a7-d841-4e79-ae30-2a9adc481706 user=SA
2023-09-25T20:41:13.620-03:00  INFO 29844 --- [main] com.zaxxer.hikari.HikariDataSource       : HikariPool-1 - Start completed.
2023-09-25T20:41:13.652-03:00  INFO 29844 --- [main] o.s.b.a.h2.H2ConsoleAutoConfiguration    : H2 console available at '/h2'. Database available at 'jdbc:h2:mem:8482d8a7-d841-4e79-ae30-2a9adc481706'
2023-09-25T20:41:13.903-03:00  INFO 29844 --- [main] o.hibernate.jpa.internal.util.LogHelper  : HHH000204: Processing PersistenceUnitInfo [name: default]
2023-09-25T20:41:13.998-03:00  INFO 29844 --- [main] org.hibernate.Version                    : HHH000412: Hibernate ORM core version 6.1.7.Final
2023-09-25T20:41:14.585-03:00  INFO 29844 --- [main] SQL dialect                              : HHH000400: Using dialect: org.hibernate.dialect.H2Dialect
2023-09-25T20:41:15.649-03:00  INFO 29844 --- [main] o.h.e.t.j.p.i.JtaPlatformInitiator       : HHH000490: Using JtaPlatform implementation: [org.hibernate.engine.transaction.jta.platform.internal.NoJtaPlatform]
2023-09-25T20:41:15.660-03:00  INFO 29844 --- [main] j.LocalContainerEntityManagerFactoryBean : Initialized JPA EntityManagerFactory for persistence unit 'default'
2023-09-25T20:41:16.075-03:00  WARN 29844 --- [main] JpaBaseConfiguration$JpaWebConfiguration : spring.jpa.open-in-view is enabled by default. Therefore, database queries may be performed during view rendering. Explicitly configure spring.jpa.open-in-view to disable this warning
2023-09-25T20:41:16.674-03:00  INFO 29844 --- [main] o.s.b.w.embedded.tomcat.TomcatWebServer  : Tomcat started on port(s): 8080 (http) with context path ''
2023-09-25T20:41:16.687-03:00  INFO 29844 --- [main] pringbootCrudHibernateExampleApplication : Started SpringbootCrudHibernateExampleApplication in 7.532 seconds (process running for 8.81)
2023-09-25T20:41:19.198-03:00  INFO 29844 --- [http-nio-8080-exec-2] o.a.c.c.C.[Tomcat].[localhost].[/]       : Initializing Spring DispatcherServlet 'dispatcherServlet'
2023-09-25T20:41:19.198-03:00  INFO 29844 --- [http-nio-8080-exec-2] o.s.web.servlet.DispatcherServlet        : Initializing Servlet 'dispatcherServlet'
2023-09-25T20:41:19.199-03:00  INFO 29844 --- [http-nio-8080-exec-2] o.s.web.servlet.DispatcherServlet        : Completed initialization in 1 ms
2023-09-25T20:41:19.249-03:00  WARN 29844 --- [http-nio-8080-exec-2] .w.s.m.s.DefaultHandlerExceptionResolver : Resolved [org.springframework.http.converter.HttpMessageNotReadableException: Required request body is missing: public org.springframework.http.ResponseEntity<net.javaguides.springboot.model.Product> net.javaguides.springboot.controller.ProductController.createProduct(net.javaguides.springboot.model.Product)]
2023-09-25T20:41:38.344-03:00  INFO 29844 --- [SpringApplicationShutdownHook] j.LocalContainerEntityManagerFactoryBean : Closing JPA EntityManagerFactory for persistence unit 'default'
2023-09-25T20:41:38.346-03:00  INFO 29844 --- [SpringApplicationShutdownHook] .SchemaDropperImpl$DelayedDropActionImpl : HHH000477: Starting delayed evictData of schema as part of SessionFactory shut-down'
2023-09-25T20:41:38.350-03:00  INFO 29844 --- [SpringApplicationShutdownHook] com.zaxxer.hikari.HikariDataSource       : HikariPool-1 - Shutdown initiated...
2023-09-25T20:41:38.352-03:00  INFO 29844 --- [SpringApplicationShutdownHook] com.zaxxer.hikari.HikariDataSource       : HikariPool-1 - Shutdown completed.
2023-09-25T20:41:46.305-03:00  INFO 22424 --- [main] pringbootCrudHibernateExampleApplication : Starting SpringbootCrudHibernateExampleApplication using Java 17.0.8.1 with PID 22424 (C:\projects\bootcamp_cielo\bootcamp-individual-challenge\server\target\classes started by lufe_ in C:\projects\bootcamp_cielo\bootcamp-individual-challenge\server)
2023-09-25T20:41:46.311-03:00  INFO 22424 --- [main] pringbootCrudHibernateExampleApplication : No active profile set, falling back to 1 default profile: "default"
2023-09-25T20:41:47.193-03:00  INFO 22424 --- [main] .s.d.r.c.RepositoryConfigurationDelegate : Bootstrapping Spring Data JPA repositories in DEFAULT mode.
2023-09-25T20:41:47.262-03:00  INFO 22424 --- [main] .s.d.r.c.RepositoryConfigurationDelegate : Finished Spring Data repository scanning in 58 ms. Found 1 JPA repository interfaces.
2023-09-25T20:41:47.834-03:00  INFO 22424 --- [main] o.s.b.w.embedded.tomcat.TomcatWebServer  : Tomcat initialized with port(s): 8080 (http)
2023-09-25T20:41:47.847-03:00  INFO 22424 --- [main] o.apache.catalina.core.StandardService   : Starting service [Tomcat]
2023-09-25T20:41:47.847-03:00  INFO 22424 --- [main] o.apache.catalina.core.StandardEngine    : Starting Servlet engine: [Apache Tomcat/10.1.5]
2023-09-25T20:41:47.970-03:00  INFO 22424 --- [main] o.a.c.c.C.[Tomcat].[localhost].[/]       : Initializing Spring embedded WebApplicationContext
2023-09-25T20:41:47.971-03:00  INFO 22424 --- [main] w.s.c.ServletWebServerApplicationContext : Root WebApplicationContext: initialization completed in 1585 ms
2023-09-25T20:41:48.013-03:00  INFO 22424 --- [main] com.zaxxer.hikari.HikariDataSource       : HikariPool-1 - Starting...
2023-09-25T20:41:48.235-03:00  INFO 22424 --- [main] com.zaxxer.hikari.pool.HikariPool        : HikariPool-1 - Added connection conn0: url=jdbc:h2:mem:f5af565b-fb28-4fdd-ac59-3b83fe9cd8b0 user=SA
2023-09-25T20:41:48.238-03:00  INFO 22424 --- [main] com.zaxxer.hikari.HikariDataSource       : HikariPool-1 - Start completed.
2023-09-25T20:41:48.250-03:00  INFO 22424 --- [main] o.s.b.a.h2.H2ConsoleAutoConfiguration    : H2 console available at '/h2'. Database available at 'jdbc:h2:mem:f5af565b-fb28-4fdd-ac59-3b83fe9cd8b0'
2023-09-25T20:41:48.382-03:00  INFO 22424 --- [main] o.hibernate.jpa.internal.util.LogHelper  : HHH000204: Processing PersistenceUnitInfo [name: default]
2023-09-25T20:41:48.444-03:00  INFO 22424 --- [main] org.hibernate.Version                    : HHH000412: Hibernate ORM core version 6.1.7.Final
2023-09-25T20:41:48.827-03:00  INFO 22424 --- [main] SQL dialect                              : HHH000400: Using dialect: org.hibernate.dialect.H2Dialect
2023-09-25T20:41:49.847-03:00  INFO 22424 --- [main] o.h.e.t.j.p.i.JtaPlatformInitiator       : HHH000490: Using JtaPlatform implementation: [org.hibernate.engine.transaction.jta.platform.internal.NoJtaPlatform]
2023-09-25T20:41:49.860-03:00  INFO 22424 --- [main] j.LocalContainerEntityManagerFactoryBean : Initialized JPA EntityManagerFactory for persistence unit 'default'
2023-09-25T20:41:50.309-03:00  WARN 22424 --- [main] JpaBaseConfiguration$JpaWebConfiguration : spring.jpa.open-in-view is enabled by default. Therefore, database queries may be performed during view rendering. Explicitly configure spring.jpa.open-in-view to disable this warning
2023-09-25T20:41:50.718-03:00  INFO 22424 --- [main] o.s.b.w.embedded.tomcat.TomcatWebServer  : Tomcat started on port(s): 8080 (http) with context path ''
2023-09-25T20:41:50.727-03:00  INFO 22424 --- [main] pringbootCrudHibernateExampleApplication : Started SpringbootCrudHibernateExampleApplication in 5.261 seconds (process running for 6.399)
2023-09-25T20:42:01.267-03:00  INFO 22424 --- [http-nio-8080-exec-2] o.a.c.c.C.[Tomcat].[localhost].[/]       : Initializing Spring DispatcherServlet 'dispatcherServlet'
2023-09-25T20:42:01.268-03:00  INFO 22424 --- [http-nio-8080-exec-2] o.s.web.servlet.DispatcherServlet        : Initializing Servlet 'dispatcherServlet'
2023-09-25T20:42:01.269-03:00  INFO 22424 --- [http-nio-8080-exec-2] o.s.web.servlet.DispatcherServlet        : Completed initialization in 1 ms
2023-09-25T20:42:01.317-03:00  INFO 22424 --- [http-nio-8080-exec-2] n.j.s.controller.ProductController       : GETTING...
2023-09-25T20:43:18.480-03:00  INFO 22424 --- [SpringApplicationShutdownHook] j.LocalContainerEntityManagerFactoryBean : Closing JPA EntityManagerFactory for persistence unit 'default'
2023-09-25T20:43:18.481-03:00  INFO 22424 --- [SpringApplicationShutdownHook] .SchemaDropperImpl$DelayedDropActionImpl : HHH000477: Starting delayed evictData of schema as part of SessionFactory shut-down'
2023-09-25T20:43:18.485-03:00  INFO 22424 --- [SpringApplicationShutdownHook] com.zaxxer.hikari.HikariDataSource       : HikariPool-1 - Shutdown initiated...
2023-09-25T20:43:18.489-03:00  INFO 22424 --- [SpringApplicationShutdownHook] com.zaxxer.hikari.HikariDataSource       : HikariPool-1 - Shutdown completed.
